  Game.cpp
z:\igmprofile\documents\740\milestone 4\0511\flying-figures\dx11starter\game.cpp(72): warning C4018: '<': signed/unsigned mismatch
z:\igmprofile\documents\740\milestone 4\0511\flying-figures\dx11starter\game.cpp(76): warning C4018: '<': signed/unsigned mismatch
z:\igmprofile\documents\740\milestone 4\0511\flying-figures\dx11starter\game.cpp(80): warning C4018: '<': signed/unsigned mismatch
z:\igmprofile\documents\740\milestone 4\0511\flying-figures\dx11starter\game.cpp(174): warning C4244: 'argument': conversion from 'time_t' to 'unsigned int', possible loss of data
z:\igmprofile\documents\740\milestone 4\0511\flying-figures\dx11starter\game.cpp(327): warning C4305: 'argument': truncation from 'double' to 'float'
z:\igmprofile\documents\740\milestone 4\0511\flying-figures\dx11starter\game.cpp(328): warning C4305: 'argument': truncation from 'double' to 'float'
z:\igmprofile\documents\740\milestone 4\0511\flying-figures\dx11starter\game.cpp(469): warning C4305: 'argument': truncation from 'double' to 'float'
z:\igmprofile\documents\740\milestone 4\0511\flying-figures\dx11starter\game.cpp(474): warning C4305: 'argument': truncation from 'double' to 'float'
z:\igmprofile\documents\740\milestone 4\0511\flying-figures\dx11starter\game.cpp(714): warning C4018: '<': signed/unsigned mismatch
z:\igmprofile\documents\740\milestone 4\0511\flying-figures\dx11starter\game.cpp(794): warning C4244: '=': conversion from 'float' to 'int', possible loss of data
z:\igmprofile\documents\740\milestone 4\0511\flying-figures\dx11starter\game.cpp(798): warning C4018: '<': signed/unsigned mismatch
z:\igmprofile\documents\740\milestone 4\0511\flying-figures\dx11starter\game.cpp(807): warning C4244: 'argument': conversion from 'time_t' to 'unsigned int', possible loss of data
z:\igmprofile\documents\740\milestone 4\0511\flying-figures\dx11starter\game.cpp(819): warning C4018: '<': signed/unsigned mismatch
z:\igmprofile\documents\740\milestone 4\0511\flying-figures\dx11starter\game.cpp(827): warning C4244: 'argument': conversion from 'time_t' to 'unsigned int', possible loss of data
z:\igmprofile\documents\740\milestone 4\0511\flying-figures\dx11starter\game.cpp(998): warning C4018: '<': signed/unsigned mismatch
z:\igmprofile\documents\740\milestone 4\0511\flying-figures\dx11starter\game.cpp(1323): warning C4018: '<': signed/unsigned mismatch
c:\program files (x86)\microsoft visual studio 14.0\vc\include\xutility(2372): warning C4996: 'std::copy::_Unchecked_iterators::_Deprecate': Call to 'std::copy' with parameters that may be unsafe - this call relies on the caller to check that the passed values are correct. To disable this warning, use -D_SCL_SECURE_NO_WARNINGS. See documentation on how to use Visual C++ 'Checked Iterators'
  c:\program files (x86)\microsoft visual studio 14.0\vc\include\xutility(2372): note: see declaration of 'std::copy::_Unchecked_iterators::_Deprecate'
  z:\igmprofile\documents\740\milestone 4\0511\flying-figures\dx11starter\game.cpp(350): note: see reference to function template instantiation '_OutIt *std::copy<std::_String_iterator<std::_String_val<std::_Simple_types<wchar_t>>>,wchar_t*>(_InIt,_InIt,_OutIt)' being compiled
          with
          [
              _OutIt=wchar_t *,
              _InIt=std::_String_iterator<std::_String_val<std::_Simple_types<wchar_t>>>
          ]
  DX11Starter.vcxproj -> Z:\IGMProfile\Documents\740\milestone 4\0511\Flying-Figures\DX11Starter\Debug\DX11Starter.exe
  DX11Starter.vcxproj -> Z:\IGMProfile\Documents\740\milestone 4\0511\Flying-Figures\DX11Starter\Debug\DX11Starter.pdb (Full PDB)
